<?xml version="1.0" encoding="UTF-8"?>
<testsuite xmlns:xsi="http://www.w3.org/2001/XMLSchema-instance" xsi:noNamespaceSchemaLocation="https://maven.apache.org/surefire/maven-surefire-plugin/xsd/surefire-test-report.xsd" name="uoa.assignment.game.GameTests" time="2.052" tests="7" errors="0" skipped="0" failures="0">
  <properties>
[...]
</properties>
  <testcase name="checkCharactersArray" classname="uoa.assignment.game.GameTests" time="0.003"/>
  <testcase name="checkPlayerAndMonsterPositionInLayout" classname="uoa.assignment.game.GameTests" time="0.001"/>
  <testcase name="checkLayoutInitialization" classname="uoa.assignment.game.GameTests" time="0.002"/>
  <testcase name="checkMoveCharacter" classname="uoa.assignment.game.GameTests" time="0.007"/>
  <testcase name="checkRunGameMain" classname="uoa.assignment.game.GameTests" time="1.001"/>
  <testcase name="checkPlayerAndMonsterPosition" classname="uoa.assignment.game.GameTests" time="0"/>
  <testcase name="checkRunGameMainWithUserInput" classname="uoa.assignment.game.GameTests" time="1.001"/>
</testsuite>